0 info it worked if it ends with ok
1 verbose cli [ '/usr/local/bin/node',
1 verbose cli   '/usr/local/lib/node_modules/cnpm/node_modules/.bin/npm',
1 verbose cli   '--userconfig=/Users/chenjinghua/.cnpmrc',
1 verbose cli   '--disturl=https://npm.taobao.org/mirrors/node',
1 verbose cli   '--registry=https://registry.npm.taobao.org',
1 verbose cli   'run',
1 verbose cli   'dev' ]
2 info using npm@3.9.5
3 info using node@v4.4.5
4 verbose run-script [ 'predev', 'dev', 'postdev' ]
5 info lifecycle matchtool@~predev: matchtool@
6 silly lifecycle matchtool@~predev: no script for predev, continuing
7 info lifecycle matchtool@~dev: matchtool@
8 verbose lifecycle matchtool@~dev: unsafe-perm in lifecycle true
9 verbose lifecycle matchtool@~dev: PATH: /usr/local/lib/node_modules/cnpm/node_modules/npm/bin/node-gyp-bin:/Users/chenjinghua/matchtool_web/node_modules/.bin:/usr/local/bin:/usr/local/bin:/usr/local/bin:/usr/local/bin:/usr/bin:/bin:/usr/sbin:/sbin
10 verbose lifecycle matchtool@~dev: CWD: /Users/chenjinghua/matchtool_web
11 silly lifecycle matchtool@~dev: Args: [ '-c', 'webpack-dev-server --inline --hot --no-info' ]
12 silly lifecycle matchtool@~dev: Returned: code: 1  signal: null
13 info lifecycle matchtool@~dev: Failed to exec dev script
14 verbose stack Error: matchtool@ dev: `webpack-dev-server --inline --hot --no-info`
14 verbose stack Exit status 1
14 verbose stack     at EventEmitter.<anonymous> (/usr/local/lib/node_modules/cnpm/node_modules/npm/lib/utils/lifecycle.js:245:16)
14 verbose stack     at emitTwo (events.js:87:13)
14 verbose stack     at EventEmitter.emit (events.js:172:7)
14 verbose stack     at ChildProcess.<anonymous> (/usr/local/lib/node_modules/cnpm/node_modules/npm/lib/utils/spawn.js:24:14)
14 verbose stack     at emitTwo (events.js:87:13)
14 verbose stack     at ChildProcess.emit (events.js:172:7)
14 verbose stack     at maybeClose (internal/child_process.js:827:16)
14 verbose stack     at Process.ChildProcess._handle.onexit (internal/child_process.js:211:5)
15 verbose pkgid matchtool@
16 verbose cwd /Users/chenjinghua/matchtool_web
17 error Darwin 15.5.0
18 error argv "/usr/local/bin/node" "/usr/local/lib/node_modules/cnpm/node_modules/.bin/npm" "--userconfig=/Users/chenjinghua/.cnpmrc" "--disturl=https://npm.taobao.org/mirrors/node" "--registry=https://registry.npm.taobao.org" "run" "dev"
19 error node v4.4.5
20 error npm  v3.9.5
21 error code ELIFECYCLE
22 error matchtool@ dev: `webpack-dev-server --inline --hot --no-info`
22 error Exit status 1
23 error Failed at the matchtool@ dev script 'webpack-dev-server --inline --hot --no-info'.
23 error Make sure you have the latest version of node.js and npm installed.
23 error If you do, this is most likely a problem with the matchtool package,
23 error not with npm itself.
23 error Tell the author that this fails on your system:
23 error     webpack-dev-server --inline --hot --no-info
23 error You can get information on how to open an issue for this project with:
23 error     npm bugs matchtool
23 error Or if that isn't available, you can get their info via:
23 error     npm owner ls matchtool
23 error There is likely additional logging output above.
24 verbose exit [ 1, true ]
